<?xml version="1.0" encoding="UTF-8"?>
<!-- Generated by org.testng.reporters.JUnitReportReporter -->
<testsuite hostname="DESKTOP-K8MM6NB" failures="0" tests="1" name="Mozammil.Automation.test2" time="4.792" errors="0" timestamp="2023-02-19T14:07:36 IST" skipped="0">
  <testcase classname="Mozammil.Automation.test2" name="Testcase3" time="4.792"/>
  <system-out/>
</testsuite> <!-- Mozammil.Automation.test2 -->
