<?xml version="1.0" encoding="UTF-8"?>
<!-- Generated by org.testng.reporters.JUnitReportReporter -->
<testsuite hostname="DESKTOP-K8MM6NB" failures="0" tests="1" name="apiAutomation.APIServices" time="2.678" errors="0" timestamp="2023-02-22T23:42:41 IST" skipped="0">
  <testcase classname="apiAutomation.APIServices" name="restAPI" time="2.678"/>
  <system-out/>
</testsuite> <!-- apiAutomation.APIServices -->
