<?xml version="1.0" encoding="UTF-8"?>
<!-- Generated by org.testng.reporters.JUnitReportReporter -->
<testsuite hostname="DESKTOP-K8MM6NB" failures="0" tests="1" name="Mozammil.Automation.GeneralComponents.GeneralComponents" time="1.220" errors="0" timestamp="2023-02-18T19:49:52 IST" skipped="0">
  <testcase classname="Mozammil.Automation.GeneralComponents.GeneralComponents" name="open" time="1.220"/>
  <system-out/>
</testsuite> <!-- Mozammil.Automation.GeneralComponents.GeneralComponents -->
