<?xml version="1.0" encoding="UTF-8"?>
<!-- Generated by org.testng.reporters.JUnitReportReporter -->
<testsuite hostname="DESKTOP-K8MM6NB" failures="0" tests="2" name="webDriver.CreateDriver" time="9.800" errors="0" timestamp="2023-02-18T19:02:45 IST" skipped="0">
  <testcase classname="webDriver.CreateDriver" name="createWebDriver" time="4.157"/>
  <system-out/>
  <testcase classname="webDriver.CreateDriver" name="close" time="5.643"/>
  <system-out/>
</testsuite> <!-- webDriver.CreateDriver -->
