<?xml version="1.0" encoding="UTF-8"?>
<!-- Generated by org.testng.reporters.JUnitReportReporter -->
<testsuite hostname="DESKTOP-K8MM6NB" failures="0" tests="3" name="Mozammil.Automation.test" time="7.521" errors="0" timestamp="2023-02-27T22:56:48 IST" skipped="0">
  <testcase classname="Mozammil.Automation.test" name="print" time="0.007"/>
  <system-out/>
  <testcase classname="Mozammil.Automation.test" name="Testcase1" time="0.006"/>
  <system-out/>
  <testcase classname="Mozammil.Automation.test" name="Testcase2" time="7.508"/>
  <system-out/>
</testsuite> <!-- Mozammil.Automation.test -->
