<?xml version="1.0" encoding="UTF-8"?>
<!-- Generated by org.testng.reporters.JUnitReportReporter -->
<testsuite hostname="DESKTOP-K8MM6NB" failures="0" tests="1" name="Mozammil.Automation.App" time="0.007" errors="0" timestamp="2023-02-18T15:47:09 IST" skipped="0">
  <testcase classname="Mozammil.Automation.App" name="getName" time="0.007"/>
  <system-out/>
</testsuite> <!-- Mozammil.Automation.App -->
