<?xml version="1.0" encoding="UTF-8"?>
<!-- Generated by org.testng.reporters.JUnitReportReporter -->
<testsuite hostname="DESKTOP-K8MM6NB" failures="0" tests="2" name="Mozammil.Automation.test" time="13.118" errors="0" timestamp="2023-02-19T15:54:14 IST" skipped="0">
  <testcase classname="Mozammil.Automation.test" name="Testcase1" time="7.453"/>
  <system-out/>
  <testcase classname="Mozammil.Automation.test" name="Testcase2" time="5.665"/>
  <system-out/>
</testsuite> <!-- Mozammil.Automation.test -->
